<?xml version="1.0" encoding="UTF-8"?>
<!-- Generated by org.testng.reporters.JUnitReportReporter -->
<testsuite hostname="SA-Machine" failures="0" tests="1" name="testCases.TC_001_AccountRegistrationTest" time="5.396" errors="0" timestamp="2024-01-06T23:00:12 IST" skipped="0">
  <testcase classname="testCases.TC_001_AccountRegistrationTest" name="verify_account_registratio" time="5.396"/>
</testsuite> <!-- testCases.TC_001_AccountRegistrationTest -->
