<?xml version="1.0" encoding="UTF-8"?>
<!-- Generated by org.testng.reporters.JUnitReportReporter -->
<testsuite hostname="SA-Machine" failures="0" tests="5" name="testCases.TC_003_LoginDDT" time="37.899" errors="0" timestamp="2024-01-07T00:20:36 IST" skipped="0">
  <testcase classname="testCases.TC_003_LoginDDT" name="verify_loginDDt" time="11.381"/>
  <testcase classname="testCases.TC_003_LoginDDT" name="verify_loginDDt" time="1.943"/>
  <testcase classname="testCases.TC_003_LoginDDT" name="verify_loginDDt" time="11.307"/>
  <testcase classname="testCases.TC_003_LoginDDT" name="verify_loginDDt" time="11.407"/>
  <testcase classname="testCases.TC_003_LoginDDT" name="verify_loginDDt" time="1.861"/>
</testsuite> <!-- testCases.TC_003_LoginDDT -->
