<?xml version="1.0" encoding="UTF-8"?>
<!-- Generated by org.testng.reporters.JUnitReportReporter -->
<testsuite hostname="SA-Machine" failures="0" tests="1" name="testCases.TC_002_LoginTest" time="1.884" errors="0" timestamp="2024-01-06T23:00:12 IST" skipped="0">
  <testcase classname="testCases.TC_002_LoginTest" name="verify_login" time="1.884"/>
</testsuite> <!-- testCases.TC_002_LoginTest -->
